Arguments: 
  /Users/ugolino/.nvm/versions/node/v14.21.1/bin/node /usr/local/Cellar/yarn/1.22.19/libexec/bin/yarn.js

PATH: 
  /Users/ugolino/.nvm/versions/node/v14.21.1/bin:/Users/ugolino/.rbenv/shims:/Users/ugolino/.pyenv/shims:/usr/local/bin:/Users/ugolino/.pyenv/bin:/opt/homebrew/bin:/Users/ugolino/.rbenv/shims:/Library/Frameworks/Python.framework/Versions/3.10/bin:/usr/local/bin:/System/Cryptexes/App/usr/bin:/usr/bin:/bin:/usr/sbin:/sbin:/Library/Apple/usr/bin:/Users/ugolino/.cargo/bin

Yarn version: 
  1.22.19

Node version: 
  14.21.1

Platform: 
  darwin x64

Trace: 
  SyntaxError: /Users/ugolino/Developer/rysk/graphs/rysk-subgraph-arbitrum/package.json: Unexpected token < in JSON at position 791
      at JSON.parse (<anonymous>)
      at /usr/local/Cellar/yarn/1.22.19/libexec/lib/cli.js:1629:59
      at Generator.next (<anonymous>)
      at step (/usr/local/Cellar/yarn/1.22.19/libexec/lib/cli.js:310:30)
      at /usr/local/Cellar/yarn/1.22.19/libexec/lib/cli.js:321:13

npm manifest: 
  {
    "name": "rysktestnet",
    "license": "UNLICENSED",
    "scripts": {
      "codegen": "graph codegen",
      "build": "graph build",
      "prepare:arbitrum-goerli": "mustache config/arbitrum-goerli.json subgraph.template.yaml > subgraph.yaml",
      "deploy:arbitrum-goerli": "npm run prepare:arbitrum-goerli && graph deploy --node https://api.thegraph.com/deploy/ devey/rysk-goerli-yassine",
      "prepare:arbitrum": "mustache config/arbitrum.json subgraph.template.yaml > subgraph.yaml",
      "deploy:arbitrum": "npm run prepare:arbitrum && graph deploy --node https://api.thegraph.com/deploy/ rysk-finance/rysk",
      "prepare:arbitrum-local": "mustache config/arbitrum-local.json subgraph.template.yaml > subgraph.yaml",
      "create:local": "graph create rysk-local --node http://127.0.0.1:8020",
  <<<<<<< HEAD
      "deploy:local": "graph deploy rysk-local --debug-fork QmQzNyEVieMgWkQuFtmk8QhwX6RDZEWreRknWzX5KJRukA --ipfs http://127.0.0.1:5001 --node http://127.0.0.1:8020",
      "test": "graph test"
  =======
      "deploy:local": "graph deploy rysk-local --debug-fork QmQzNyEVieMgWkQuFtmk8QhwX6RDZEWreRknWzX5KJRukA --ipfs http://127.0.0.1:5001 --node http://127.0.0.1:8020"
  >>>>>>> 080554a (added options bought and sold)
    },
    "dependencies": {
      "@graphprotocol/graph-cli": "0.30.4",
      "@graphprotocol/graph-ts": "0.27.0"
    },
    "devDependencies": {
      "matchstick-as": "^0.5.1",
      "mustache": "^4.0.1"
    }
  }

yarn manifest: 
  No manifest

Lockfile: 
  No lockfile
